{
  "RSpec": {
    "coverage": {
      "/home/jmoypace/tic-tac-toe-rb-bootcamp-prep-000/lib/tic_tac_toe.rb": [
        null,
        1,
        null,
        null,
        null,
        null,
        null,
        null,
        null,
        null,
        null,
        1,
        null,
        21,
        21,
        21,
        21,
        21,
        null,
        null,
        1,
        null,
        22,
        null,
        null,
        1,
        22,
        null,
        null,
        1,
        24,
        null,
        null,
        1,
        22,
        null,
        null,
        1,
        19,
        19,
        19,
        19,
        1,
        null,
        19,
        19,
        null,
        null,
        1,
        20,
        null,
        null,
        1,
        210,
        null,
        null,
        1,
        196,
        null,
        null,
        1,
        92,
        682,
        682,
        682,
        682,
        13,
        null,
        4,
        null,
        null,
        75,
        null,
        1,
        38,
        null,
        1,
        20,
        null,
        1,
        22,
        22,
        7,
        null,
        null,
        null,
        1,
        12,
        16,
        16,
        16,
        null,
        12,
        4,
        8,
        1,
        7,
        3,
        null,
        null
      ]
    },
    "timestamp": 1527217085
  }
}
